21:22:36 [INFO] === Démarrage — logs dans : C:\Users\kmatt\Documents\github\python\flux\jvo_debug.log ===
21:22:36 [INFO] [CAM] init_camera() appelé
21:22:36 [DEBUG] [CAM] Tentative VideoCapture(0, CAP_DSHOW)
21:22:36 [WARNING] [CAM] CAP_DSHOW échoué, tentative backend par défaut...
21:22:37 [ERROR] [CAM] ERREUR: Impossible d'ouvrir la caméra (index 0)
21:22:37 [INFO] === LOGITECH C920 - SURVEILLANCE HD ===
21:22:37 [INFO] Fichier de log : C:\Users\kmatt\Documents\github\python\flux\jvo_debug.log
21:22:37 [INFO] Démarrage du serveur...
21:22:37 [INFO] [AUDIO] Démarrage du flux audio...
21:22:37 [INFO] [AUDIO] Périphérique sélectionné : index=None
21:22:37 [ERROR] [AUDIO] Impossible de démarrer : Error querying device -1
21:22:37 [DEBUG] Traceback (most recent call last):
  File "C:\Users\kmatt\Documents\github\python\flux\flux_jvo.py", line 127, in _start_audio_stream
    stream = sd.InputStream(
        device=device_idx,
    ...<4 lines>...
        callback=_audio_callback,
    )
  File "C:\Users\kmatt\AppData\Local\Programs\Python\Python313\Lib\site-packages\sounddevice.py", line 1457, in __init__
    _StreamBase.__init__(self, kind='input', wrap_callback='array',
    ~~~~~~~~~~~~~~~~~~~~^^^^^^^^^^^^^^^^^^^^^^^^^^^^^^^^^^^^^^^^^^^
                         **_remove_self(locals()))
                         ^^^^^^^^^^^^^^^^^^^^^^^^^
  File "C:\Users\kmatt\AppData\Local\Programs\Python\Python313\Lib\site-packages\sounddevice.py", line 833, in __init__
    _get_stream_parameters(kind, device, channels, dtype, latency,
    ~~~~~~~~~~~~~~~~~~~~~~^^^^^^^^^^^^^^^^^^^^^^^^^^^^^^^^^^^^^^^^
                           extra_settings, samplerate)
                           ^^^^^^^^^^^^^^^^^^^^^^^^^^^
  File "C:\Users\kmatt\AppData\Local\Programs\Python\Python313\Lib\site-packages\sounddevice.py", line 2750, in _get_stream_parameters
    info = query_devices(device)
  File "C:\Users\kmatt\AppData\Local\Programs\Python\Python313\Lib\site-packages\sounddevice.py", line 577, in query_devices
    raise PortAudioError(f'Error querying device {device}')
sounddevice.PortAudioError: Error querying device -1

21:22:37 [INFO] [31m[1mWARNING: This is a development server. Do not use it in a production deployment. Use a production WSGI server instead.[0m
 * Running on all addresses (0.0.0.0)
 * Running on http://127.0.0.1:5000
 * Running on http://10.41.33.231:5000
21:22:37 [INFO] [33mPress CTRL+C to quit[0m
21:22:37 [INFO] 10.41.33.231 - - [07/Apr/2026 21:22:37] "GET / HTTP/1.1" 200 -
21:22:37 [INFO] [HTTP] GET /video_feed — client=10.41.33.231
21:22:37 [INFO] [HTTP] Response objet créé pour 10.41.33.231, démarrage du stream
21:22:37 [INFO] [STREAM] generate_frames() démarré
21:22:37 [WARNING] [CAM] cap.read() a retourné échec, tentative de récupération...
21:22:37 [INFO] [CAM] init_camera() appelé
21:22:37 [DEBUG] [CAM] Libération du cap existant
21:22:37 [INFO] 10.41.33.231 - - [07/Apr/2026 21:22:37] "GET /list_mp3 HTTP/1.1" 200 -
21:22:38 [DEBUG] [CAM] Tentative VideoCapture(0, CAP_DSHOW)
21:22:38 [WARNING] [CAM] CAP_DSHOW échoué, tentative backend par défaut...
21:22:38 [ERROR] [CAM] ERREUR: Impossible d'ouvrir la caméra (index 0)
21:22:38 [ERROR] [CAM] Récupération échouée, retourne frame vide
21:22:38 [WARNING] [STREAM] frame #0 — caméra indisponible, frame noire envoyée
21:22:38 [INFO] 10.41.33.231 - - [07/Apr/2026 21:22:38] "GET /video_feed HTTP/1.1" 200 -
21:22:38 [WARNING] [CAM] cap.read() a retourné échec, tentative de récupération...
21:22:38 [INFO] [CAM] init_camera() appelé
21:22:38 [DEBUG] [CAM] Libération du cap existant
21:22:39 [INFO] [TTS] ✓ edge-tts disponible — voix : fr-FR-DeniseNeural
21:22:39 [DEBUG] [CAM] Tentative VideoCapture(0, CAP_DSHOW)
21:22:39 [WARNING] [CAM] CAP_DSHOW échoué, tentative backend par défaut...
21:22:39 [ERROR] [CAM] ERREUR: Impossible d'ouvrir la caméra (index 0)
21:22:39 [ERROR] [CAM] Récupération échouée, retourne frame vide
21:22:39 [WARNING] [STREAM] frame #0 — caméra indisponible, frame noire envoyée
21:22:39 [WARNING] [CAM] cap.read() a retourné échec, tentative de récupération...
21:22:39 [INFO] [CAM] init_camera() appelé
21:22:39 [DEBUG] [CAM] Libération du cap existant
21:22:39 [INFO] 10.41.33.231 - - [07/Apr/2026 21:22:39] "[33mGET /favicon.ico HTTP/1.1[0m" 404 -
21:22:40 [DEBUG] [CAM] Tentative VideoCapture(0, CAP_DSHOW)
21:22:40 [WARNING] [CAM] CAP_DSHOW échoué, tentative backend par défaut...
21:22:40 [ERROR] [CAM] ERREUR: Impossible d'ouvrir la caméra (index 0)
21:22:40 [ERROR] [CAM] Récupération échouée, retourne frame vide
21:22:40 [WARNING] [STREAM] frame #0 — caméra indisponible, frame noire envoyée
21:22:40 [WARNING] [CAM] cap.read() a retourné échec, tentative de récupération...
21:22:40 [INFO] [CAM] init_camera() appelé
21:22:40 [DEBUG] [CAM] Libération du cap existant
21:22:41 [DEBUG] [CAM] Tentative VideoCapture(0, CAP_DSHOW)
21:22:41 [WARNING] [CAM] CAP_DSHOW échoué, tentative backend par défaut...
21:22:41 [ERROR] [CAM] ERREUR: Impossible d'ouvrir la caméra (index 0)
21:22:41 [ERROR] [CAM] Récupération échouée, retourne frame vide
21:22:41 [WARNING] [STREAM] frame #0 — caméra indisponible, frame noire envoyée
21:22:41 [WARNING] [CAM] cap.read() a retourné échec, tentative de récupération...
21:22:41 [INFO] [CAM] init_camera() appelé
21:22:41 [DEBUG] [CAM] Libération du cap existant
21:22:42 [INFO] [TTS/Edge] ← Bonjour, bienvenue dans la salle jeux vidéo.
21:22:42 [INFO] 10.41.33.231 - - [07/Apr/2026 21:22:42] "POST /tts HTTP/1.1" 200 -
21:22:42 [DEBUG] Using proactor: IocpProactor
21:22:42 [DEBUG] [CAM] Tentative VideoCapture(0, CAP_DSHOW)
21:22:42 [WARNING] [CAM] CAP_DSHOW échoué, tentative backend par défaut...
21:22:42 [ERROR] [CAM] ERREUR: Impossible d'ouvrir la caméra (index 0)
21:22:42 [ERROR] [CAM] Récupération échouée, retourne frame vide
21:22:42 [WARNING] [STREAM] frame #0 — caméra indisponible, frame noire envoyée
21:22:42 [WARNING] [CAM] cap.read() a retourné échec, tentative de récupération...
21:22:42 [INFO] [CAM] init_camera() appelé
21:22:42 [DEBUG] [CAM] Libération du cap existant
21:22:43 [DEBUG] [CAM] Tentative VideoCapture(0, CAP_DSHOW)
21:22:43 [WARNING] [CAM] CAP_DSHOW échoué, tentative backend par défaut...
21:22:43 [ERROR] [CAM] ERREUR: Impossible d'ouvrir la caméra (index 0)
21:22:43 [ERROR] [CAM] Récupération échouée, retourne frame vide
21:22:43 [WARNING] [STREAM] frame #0 — caméra indisponible, frame noire envoyée
21:22:43 [WARNING] [CAM] cap.read() a retourné échec, tentative de récupération...
21:22:43 [INFO] [CAM] init_camera() appelé
21:22:43 [DEBUG] [CAM] Libération du cap existant
21:22:44 [DEBUG] [CAM] Tentative VideoCapture(0, CAP_DSHOW)
21:22:44 [WARNING] [CAM] CAP_DSHOW échoué, tentative backend par défaut...
21:22:44 [ERROR] [CAM] ERREUR: Impossible d'ouvrir la caméra (index 0)
21:22:44 [ERROR] [CAM] Récupération échouée, retourne frame vide
21:22:44 [WARNING] [STREAM] frame #0 — caméra indisponible, frame noire envoyée
21:22:44 [WARNING] [CAM] cap.read() a retourné échec, tentative de récupération...
21:22:44 [INFO] [CAM] init_camera() appelé
21:22:44 [DEBUG] [CAM] Libération du cap existant
21:22:45 [DEBUG] [CAM] Tentative VideoCapture(0, CAP_DSHOW)
21:22:45 [WARNING] [CAM] CAP_DSHOW échoué, tentative backend par défaut...
21:22:45 [ERROR] [CAM] ERREUR: Impossible d'ouvrir la caméra (index 0)
21:22:45 [ERROR] [CAM] Récupération échouée, retourne frame vide
21:22:45 [WARNING] [STREAM] frame #0 — caméra indisponible, frame noire envoyée
21:22:45 [WARNING] [CAM] cap.read() a retourné échec, tentative de récupération...
21:22:45 [INFO] [CAM] init_camera() appelé
21:22:45 [DEBUG] [CAM] Libération du cap existant
21:22:46 [DEBUG] [CAM] Tentative VideoCapture(0, CAP_DSHOW)
21:22:46 [WARNING] [CAM] CAP_DSHOW échoué, tentative backend par défaut...
21:22:46 [ERROR] [CAM] ERREUR: Impossible d'ouvrir la caméra (index 0)
21:22:46 [ERROR] [CAM] Récupération échouée, retourne frame vide
21:22:46 [WARNING] [STREAM] frame #0 — caméra indisponible, frame noire envoyée
21:22:46 [WARNING] [CAM] cap.read() a retourné échec, tentative de récupération...
21:22:46 [INFO] [CAM] init_camera() appelé
21:22:46 [DEBUG] [CAM] Libération du cap existant
21:22:47 [INFO] [TTS/Edge] ← Un membre du personnel va arriver dans quelques instants. Veuillez patienter.
21:22:47 [INFO] 10.41.33.231 - - [07/Apr/2026 21:22:47] "POST /tts HTTP/1.1" 200 -
21:22:47 [DEBUG] Using proactor: IocpProactor
21:22:47 [DEBUG] [CAM] Tentative VideoCapture(0, CAP_DSHOW)
21:22:47 [WARNING] [CAM] CAP_DSHOW échoué, tentative backend par défaut...
21:22:47 [ERROR] [CAM] ERREUR: Impossible d'ouvrir la caméra (index 0)
21:22:47 [ERROR] [CAM] Récupération échouée, retourne frame vide
21:22:47 [WARNING] [STREAM] frame #0 — caméra indisponible, frame noire envoyée
21:22:47 [WARNING] [CAM] cap.read() a retourné échec, tentative de récupération...
21:22:47 [INFO] [CAM] init_camera() appelé
21:22:47 [DEBUG] [CAM] Libération du cap existant
21:22:48 [DEBUG] [CAM] Tentative VideoCapture(0, CAP_DSHOW)
21:22:48 [WARNING] [CAM] CAP_DSHOW échoué, tentative backend par défaut...
21:22:48 [ERROR] [CAM] ERREUR: Impossible d'ouvrir la caméra (index 0)
21:22:48 [ERROR] [CAM] Récupération échouée, retourne frame vide
21:22:48 [WARNING] [STREAM] frame #0 — caméra indisponible, frame noire envoyée
21:22:48 [WARNING] [CAM] cap.read() a retourné échec, tentative de récupération...
21:22:48 [INFO] [CAM] init_camera() appelé
21:22:48 [DEBUG] [CAM] Libération du cap existant
21:22:49 [DEBUG] [CAM] Tentative VideoCapture(0, CAP_DSHOW)
21:22:49 [WARNING] [CAM] CAP_DSHOW échoué, tentative backend par défaut...
21:22:49 [ERROR] [CAM] ERREUR: Impossible d'ouvrir la caméra (index 0)
21:22:49 [ERROR] [CAM] Récupération échouée, retourne frame vide
21:22:49 [WARNING] [STREAM] frame #0 — caméra indisponible, frame noire envoyée
21:22:49 [WARNING] [CAM] cap.read() a retourné échec, tentative de récupération...
21:22:49 [INFO] [CAM] init_camera() appelé
21:22:49 [DEBUG] [CAM] Libération du cap existant
21:22:50 [DEBUG] [CAM] Tentative VideoCapture(0, CAP_DSHOW)
21:22:50 [WARNING] [CAM] CAP_DSHOW échoué, tentative backend par défaut...
21:22:50 [ERROR] [CAM] ERREUR: Impossible d'ouvrir la caméra (index 0)
21:22:50 [ERROR] [CAM] Récupération échouée, retourne frame vide
21:22:50 [WARNING] [STREAM] frame #0 — caméra indisponible, frame noire envoyée
21:22:50 [WARNING] [CAM] cap.read() a retourné échec, tentative de récupération...
21:22:50 [INFO] [CAM] init_camera() appelé
21:22:50 [DEBUG] [CAM] Libération du cap existant
21:22:51 [INFO] 10.41.33.231 - - [07/Apr/2026 21:22:51] "POST /tts HTTP/1.1" 200 -
21:22:51 [DEBUG] [CAM] Tentative VideoCapture(0, CAP_DSHOW)
21:22:51 [WARNING] [CAM] CAP_DSHOW échoué, tentative backend par défaut...
21:22:51 [ERROR] [CAM] ERREUR: Impossible d'ouvrir la caméra (index 0)
21:22:51 [ERROR] [CAM] Récupération échouée, retourne frame vide
21:22:51 [WARNING] [STREAM] frame #0 — caméra indisponible, frame noire envoyée
21:22:51 [WARNING] [CAM] cap.read() a retourné échec, tentative de récupération...
21:22:51 [INFO] [CAM] init_camera() appelé
21:22:51 [DEBUG] [CAM] Libération du cap existant
21:22:52 [DEBUG] [CAM] Tentative VideoCapture(0, CAP_DSHOW)
21:22:52 [WARNING] [CAM] CAP_DSHOW échoué, tentative backend par défaut...
21:22:52 [ERROR] [CAM] ERREUR: Impossible d'ouvrir la caméra (index 0)
21:22:52 [ERROR] [CAM] Récupération échouée, retourne frame vide
21:22:52 [WARNING] [STREAM] frame #0 — caméra indisponible, frame noire envoyée
21:22:52 [WARNING] [CAM] cap.read() a retourné échec, tentative de récupération...
21:22:52 [INFO] [CAM] init_camera() appelé
21:22:52 [DEBUG] [CAM] Libération du cap existant
21:22:53 [INFO] [TTS/Edge] ← Vous pouvez vous installer dans la salle du fond.
21:22:53 [DEBUG] Using proactor: IocpProactor
21:22:53 [DEBUG] [CAM] Tentative VideoCapture(0, CAP_DSHOW)
21:22:53 [WARNING] [CAM] CAP_DSHOW échoué, tentative backend par défaut...
21:22:53 [ERROR] [CAM] ERREUR: Impossible d'ouvrir la caméra (index 0)
21:22:53 [ERROR] [CAM] Récupération échouée, retourne frame vide
21:22:53 [WARNING] [STREAM] frame #0 — caméra indisponible, frame noire envoyée
21:22:53 [WARNING] [CAM] cap.read() a retourné échec, tentative de récupération...
21:22:53 [INFO] [CAM] init_camera() appelé
21:22:53 [DEBUG] [CAM] Libération du cap existant
21:22:54 [DEBUG] [CAM] Tentative VideoCapture(0, CAP_DSHOW)
21:22:54 [WARNING] [CAM] CAP_DSHOW échoué, tentative backend par défaut...
21:22:54 [ERROR] [CAM] ERREUR: Impossible d'ouvrir la caméra (index 0)
21:22:54 [ERROR] [CAM] Récupération échouée, retourne frame vide
21:22:54 [WARNING] [STREAM] frame #0 — caméra indisponible, frame noire envoyée
21:22:54 [WARNING] [CAM] cap.read() a retourné échec, tentative de récupération...
21:22:54 [INFO] [CAM] init_camera() appelé
21:22:54 [DEBUG] [CAM] Libération du cap existant
21:22:55 [DEBUG] [CAM] Tentative VideoCapture(0, CAP_DSHOW)
21:22:55 [WARNING] [CAM] CAP_DSHOW échoué, tentative backend par défaut...
21:22:55 [ERROR] [CAM] ERREUR: Impossible d'ouvrir la caméra (index 0)
21:22:55 [ERROR] [CAM] Récupération échouée, retourne frame vide
21:22:55 [WARNING] [STREAM] frame #0 — caméra indisponible, frame noire envoyée
21:22:55 [WARNING] [CAM] cap.read() a retourné échec, tentative de récupération...
21:22:55 [INFO] [CAM] init_camera() appelé
21:22:55 [DEBUG] [CAM] Libération du cap existant
21:22:56 [DEBUG] [CAM] Tentative VideoCapture(0, CAP_DSHOW)
21:22:56 [WARNING] [CAM] CAP_DSHOW échoué, tentative backend par défaut...
21:22:56 [ERROR] [CAM] ERREUR: Impossible d'ouvrir la caméra (index 0)
21:22:56 [ERROR] [CAM] Récupération échouée, retourne frame vide
21:22:56 [WARNING] [STREAM] frame #0 — caméra indisponible, frame noire envoyée
21:22:56 [WARNING] [CAM] cap.read() a retourné échec, tentative de récupération...
21:22:56 [INFO] [CAM] init_camera() appelé
21:22:56 [DEBUG] [CAM] Libération du cap existant
21:22:57 [DEBUG] [CAM] Tentative VideoCapture(0, CAP_DSHOW)
21:22:57 [WARNING] [CAM] CAP_DSHOW échoué, tentative backend par défaut...
21:22:57 [ERROR] [CAM] ERREUR: Impossible d'ouvrir la caméra (index 0)
21:22:57 [ERROR] [CAM] Récupération échouée, retourne frame vide
21:22:57 [WARNING] [STREAM] frame #0 — caméra indisponible, frame noire envoyée
21:22:57 [WARNING] [CAM] cap.read() a retourné échec, tentative de récupération...
21:22:57 [INFO] [CAM] init_camera() appelé
21:22:57 [DEBUG] [CAM] Libération du cap existant
21:22:58 [DEBUG] [CAM] Tentative VideoCapture(0, CAP_DSHOW)
21:22:58 [WARNING] [CAM] CAP_DSHOW échoué, tentative backend par défaut...
21:22:58 [ERROR] [CAM] ERREUR: Impossible d'ouvrir la caméra (index 0)
21:22:58 [ERROR] [CAM] Récupération échouée, retourne frame vide
21:22:58 [WARNING] [STREAM] frame #0 — caméra indisponible, frame noire envoyée
21:22:58 [WARNING] [CAM] cap.read() a retourné échec, tentative de récupération...
21:22:58 [INFO] [CAM] init_camera() appelé
21:22:58 [DEBUG] [CAM] Libération du cap existant
21:22:59 [INFO] [TTS/Edge] ← Attention, la salle fermera dans quelques minutes !
21:22:59 [INFO] 10.41.33.231 - - [07/Apr/2026 21:22:59] "POST /tts HTTP/1.1" 200 -
21:22:59 [DEBUG] Using proactor: IocpProactor
21:22:59 [DEBUG] [CAM] Tentative VideoCapture(0, CAP_DSHOW)
21:22:59 [WARNING] [CAM] CAP_DSHOW échoué, tentative backend par défaut...
21:22:59 [ERROR] [CAM] ERREUR: Impossible d'ouvrir la caméra (index 0)
21:22:59 [ERROR] [CAM] Récupération échouée, retourne frame vide
21:22:59 [WARNING] [STREAM] frame #0 — caméra indisponible, frame noire envoyée
21:22:59 [WARNING] [CAM] cap.read() a retourné échec, tentative de récupération...
21:22:59 [INFO] [CAM] init_camera() appelé
21:22:59 [DEBUG] [CAM] Libération du cap existant
21:23:00 [DEBUG] [CAM] Tentative VideoCapture(0, CAP_DSHOW)
21:23:00 [WARNING] [CAM] CAP_DSHOW échoué, tentative backend par défaut...
21:23:00 [ERROR] [CAM] ERREUR: Impossible d'ouvrir la caméra (index 0)
21:23:00 [ERROR] [CAM] Récupération échouée, retourne frame vide
21:23:00 [WARNING] [STREAM] frame #0 — caméra indisponible, frame noire envoyée
21:23:00 [WARNING] [CAM] cap.read() a retourné échec, tentative de récupération...
21:23:00 [INFO] [CAM] init_camera() appelé
21:23:00 [DEBUG] [CAM] Libération du cap existant
21:23:01 [DEBUG] [CAM] Tentative VideoCapture(0, CAP_DSHOW)
21:23:01 [WARNING] [CAM] CAP_DSHOW échoué, tentative backend par défaut...
21:23:01 [ERROR] [CAM] ERREUR: Impossible d'ouvrir la caméra (index 0)
21:23:01 [ERROR] [CAM] Récupération échouée, retourne frame vide
21:23:01 [WARNING] [STREAM] frame #0 — caméra indisponible, frame noire envoyée
21:23:01 [WARNING] [CAM] cap.read() a retourné échec, tentative de récupération...
21:23:01 [INFO] [CAM] init_camera() appelé
21:23:01 [DEBUG] [CAM] Libération du cap existant
21:23:02 [DEBUG] [CAM] Tentative VideoCapture(0, CAP_DSHOW)
21:23:02 [WARNING] [CAM] CAP_DSHOW échoué, tentative backend par défaut...
21:23:02 [ERROR] [CAM] ERREUR: Impossible d'ouvrir la caméra (index 0)
21:23:02 [ERROR] [CAM] Récupération échouée, retourne frame vide
21:23:02 [WARNING] [STREAM] frame #0 — caméra indisponible, frame noire envoyée
21:23:02 [WARNING] [CAM] cap.read() a retourné échec, tentative de récupération...
21:23:02 [INFO] [CAM] init_camera() appelé
21:23:02 [DEBUG] [CAM] Libération du cap existant
21:23:03 [INFO] 10.41.33.231 - - [07/Apr/2026 21:23:03] "POST /tts HTTP/1.1" 200 -
21:23:03 [DEBUG] [CAM] Tentative VideoCapture(0, CAP_DSHOW)
21:23:03 [WARNING] [CAM] CAP_DSHOW échoué, tentative backend par défaut...
21:23:03 [ERROR] [CAM] ERREUR: Impossible d'ouvrir la caméra (index 0)
21:23:03 [ERROR] [CAM] Récupération échouée, retourne frame vide
21:23:03 [WARNING] [STREAM] frame #0 — caméra indisponible, frame noire envoyée
21:23:03 [WARNING] [CAM] cap.read() a retourné échec, tentative de récupération...
21:23:03 [INFO] [CAM] init_camera() appelé
21:23:03 [DEBUG] [CAM] Libération du cap existant
21:23:03 [INFO] [TTS/Edge] ← Vous pouvez consulter les jeux disponibles sur place sur le panneau.
21:23:03 [DEBUG] Using proactor: IocpProactor
21:23:04 [DEBUG] [CAM] Tentative VideoCapture(0, CAP_DSHOW)
21:23:04 [WARNING] [CAM] CAP_DSHOW échoué, tentative backend par défaut...
21:23:04 [ERROR] [CAM] ERREUR: Impossible d'ouvrir la caméra (index 0)
21:23:04 [ERROR] [CAM] Récupération échouée, retourne frame vide
21:23:04 [WARNING] [STREAM] frame #0 — caméra indisponible, frame noire envoyée
21:23:04 [WARNING] [CAM] cap.read() a retourné échec, tentative de récupération...
21:23:04 [INFO] [CAM] init_camera() appelé
21:23:04 [DEBUG] [CAM] Libération du cap existant
21:23:05 [DEBUG] [CAM] Tentative VideoCapture(0, CAP_DSHOW)
21:23:05 [WARNING] [CAM] CAP_DSHOW échoué, tentative backend par défaut...
21:23:05 [ERROR] [CAM] ERREUR: Impossible d'ouvrir la caméra (index 0)
21:23:05 [ERROR] [CAM] Récupération échouée, retourne frame vide
21:23:05 [WARNING] [STREAM] frame #0 — caméra indisponible, frame noire envoyée
21:23:05 [WARNING] [CAM] cap.read() a retourné échec, tentative de récupération...
21:23:05 [INFO] [CAM] init_camera() appelé
21:23:05 [DEBUG] [CAM] Libération du cap existant
21:23:06 [DEBUG] [CAM] Tentative VideoCapture(0, CAP_DSHOW)
21:23:06 [WARNING] [CAM] CAP_DSHOW échoué, tentative backend par défaut...
21:23:06 [ERROR] [CAM] ERREUR: Impossible d'ouvrir la caméra (index 0)
21:23:06 [ERROR] [CAM] Récupération échouée, retourne frame vide
21:23:06 [WARNING] [STREAM] frame #0 — caméra indisponible, frame noire envoyée
21:23:06 [WARNING] [CAM] cap.read() a retourné échec, tentative de récupération...
21:23:06 [INFO] [CAM] init_camera() appelé
21:23:06 [DEBUG] [CAM] Libération du cap existant
21:23:07 [INFO] [HTTP] GET /video_feed — client=10.41.33.231
21:23:07 [INFO] [HTTP] Response objet créé pour 10.41.33.231, démarrage du stream
21:23:07 [INFO] [STREAM] generate_frames() démarré
21:23:07 [DEBUG] [CAM] Tentative VideoCapture(0, CAP_DSHOW)
21:23:07 [WARNING] [CAM] CAP_DSHOW échoué, tentative backend par défaut...
21:23:07 [ERROR] [CAM] ERREUR: Impossible d'ouvrir la caméra (index 0)
21:23:07 [ERROR] [CAM] Récupération échouée, retourne frame vide
21:23:07 [WARNING] [STREAM] frame #0 — caméra indisponible, frame noire envoyée
21:23:07 [WARNING] [CAM] cap.read() a retourné échec, tentative de récupération...
21:23:07 [INFO] [CAM] init_camera() appelé
21:23:07 [DEBUG] [CAM] Libération du cap existant
21:23:08 [DEBUG] [CAM] Tentative VideoCapture(0, CAP_DSHOW)
21:23:08 [WARNING] [CAM] CAP_DSHOW échoué, tentative backend par défaut...
21:23:08 [ERROR] [CAM] ERREUR: Impossible d'ouvrir la caméra (index 0)
21:23:08 [ERROR] [CAM] Récupération échouée, retourne frame vide
21:23:08 [WARNING] [STREAM] frame #0 — caméra indisponible, frame noire envoyée
21:23:08 [WARNING] [CAM] cap.read() a retourné échec, tentative de récupération...
21:23:08 [INFO] [CAM] init_camera() appelé
21:23:08 [DEBUG] [CAM] Libération du cap existant
21:23:08 [INFO] 10.41.33.231 - - [07/Apr/2026 21:23:08] "GET /video_feed?t=1775589787395 HTTP/1.1" 200 -
21:23:09 [DEBUG] [CAM] Tentative VideoCapture(0, CAP_DSHOW)
21:23:09 [WARNING] [CAM] CAP_DSHOW échoué, tentative backend par défaut...
21:23:09 [ERROR] [CAM] ERREUR: Impossible d'ouvrir la caméra (index 0)
21:23:09 [ERROR] [CAM] Récupération échouée, retourne frame vide
21:23:09 [WARNING] [STREAM] frame #0 — caméra indisponible, frame noire envoyée
21:23:09 [WARNING] [CAM] cap.read() a retourné échec, tentative de récupération...
21:23:09 [INFO] [CAM] init_camera() appelé
21:23:09 [DEBUG] [CAM] Libération du cap existant
